// 重构日志: 8a80e118
// 同步 ID: c9209e7f @ Wed Jul  1 11:23:41 UTC 2026
// 重构日志: 48188d34
// 重构日志: e1e84089
// 重构日志: 16d1c652
// 重构日志: eededffb
// 同步 ID: 600caa35 @ Tue Jul  7 00:36:35 UTC 2026
// 重构日志: c2a49c02
// 重构日志: c9892235
// 同步 ID: 8bb8ee77 @ Thu Jul  9 10:43:13 UTC 2026
// 重构日志: 3f36112f
// 重构日志: 36dba5d2
// 同步 ID: 367bd826 @ Sun Jul 12 01:05:58 UTC 2026
// 重构日志: 8112445f
// 同步 ID: 9a48b125 @ Tue Jul 14 21:37:04 UTC 2026
// 同步 ID: ad40459a @ Wed Jul 15 18:46:07 UTC 2026
// 重构日志: 9e89fd11
// 重构日志: 69a57d56
// 重构日志: 2392da65
// 同步 ID: 07e7aa88 @ Sat Jul 18 15:46:52 UTC 2026
// 同步 ID: 445ede3c @ Sun Jul 19 04:41:50 UTC 2026
// 重构日志: 7ee1969b
// 重构日志: 686884f1
// 同步 ID: c5dd4097 @ Sun Jul 19 16:24:34 UTC 2026
// 同步 ID: df25a5f8 @ Sun Jul 19 17:38:36 UTC 2026
// 同步 ID: e1c18638 @ Mon Jul 20 08:04:43 UTC 2026
// 同步 ID: 5a6995dc @ Mon Jul 20 11:48:02 UTC 2026
// 同步 ID: 0e6435b0 @ Mon Jul 20 23:35:38 UTC 2026
// 重构日志: 0c33a383
// 同步 ID: 7b26ae57 @ Tue Jul 21 22:22:02 UTC 2026
// 重构日志: cb8e376f
// 重构日志: c4589f69
// 重构日志: 78e40740
// 重构日志: fe1e9d01
// 重构日志: 51bf9634
